	1: # Et minimalt testprogram:
	2: # Det ber om et tall v og skriver ut v+1.
	3: 
	4: int main () {
Parser:   <program>
Parser:     <type>
Parser:     </type>
Parser:     <func decl>
	5:    putchar('#');  putchar(' ');
Parser:       <func body>
Parser:         <statm list>
Parser:           <statement>
Parser:             <call-statm>
Parser:               <function call>
Parser:                 <expr list>
Parser:                   <expression>
Parser:                     <term>
Parser:                       <factor>
Parser:                         <primary>
Parser:                           <operand>
Parser:                             <number>
Parser:                             </number>
Parser:                           </operand>
Parser:                         </primary>
Parser:                       </factor>
Parser:                     </term>
Parser:                   </expression>
Parser:                 </expr list>
Parser:               </function call>
Parser:             </call-statm>
Parser:           </statement>
Parser:           <statement>
Parser:             <call-statm>
Parser:               <function call>
Parser:                 <expr list>
Parser:                   <expression>
Parser:                     <term>
Parser:                       <factor>
Parser:                         <primary>
Parser:                           <operand>
Parser:                             <number>
	6:    putint(getint()+1);  putchar(10 /*= LF*/);
Parser:                             </number>
Parser:                           </operand>
Parser:                         </primary>
Parser:                       </factor>
Parser:                     </term>
Parser:                   </expression>
Parser:                 </expr list>
Parser:               </function call>
Parser:             </call-statm>
Parser:           </statement>
Parser:           <statement>
Parser:             <call-statm>
Parser:               <function call>
Parser:                 <expr list>
Parser:                   <expression>
Parser:                     <term>
Parser:                       <factor>
Parser:                         <primary>
Parser:                           <operand>
Parser:                             <function call>
Parser:                               <expr list>
Parser:                               </expr list>
Parser:                             </function call>
Parser:                           </operand>
Parser:                         </primary>
Parser:                       </factor>
Parser:                       <term opr>
Parser:                       </term opr>
Parser:                       <term>
Parser:                         <factor>
Parser:                           <primary>
Parser:                             <operand>
Parser:                               <number>
Parser:                               </number>
Parser:                             </operand>
Parser:                           </primary>
Parser:                         </factor>
Parser:                       </term>
Parser:                     </term>
Parser:                   </expression>
Parser:                 </expr list>
Parser:               </function call>
Parser:             </call-statm>
Parser:           </statement>
Parser:           <statement>
Parser:             <call-statm>
Parser:               <function call>
Parser:                 <expr list>
Parser:                   <expression>
Parser:                     <term>
Parser:                       <factor>
Parser:                         <primary>
Parser:                           <operand>
Parser:                             <number>
	7:    return 0;
Parser:                             </number>
Parser:                           </operand>
Parser:                         </primary>
Parser:                       </factor>
Parser:                     </term>
Parser:                   </expression>
Parser:                 </expr list>
Parser:               </function call>
Parser:             </call-statm>
Parser:           </statement>
Parser:           <statement>
Parser:             <return-statm>
	8: }
Parser:               <expression>
Parser:                 <term>
Parser:                   <factor>
Parser:                     <primary>
Parser:                       <operand>
Parser:                         <number>
Parser:                         </number>
Parser:                       </operand>
Parser:                     </primary>
Parser:                   </factor>
Parser:                 </term>
Parser:               </expression>
Parser:             </return-statm>
Parser:           </statement>
Parser:         </statm list>
Parser:       </func body>
Parser:     </func delc>
Parser:   </program>
Tree:     int main(){
Tree:       putchar(35);
Tree:       putchar(32);
Tree:       putint(getint() + 1);
Tree:       putchar(10);
Tree:       return 0;
Tree:     }
